<?xml version="1.0" encoding="UTF-8"?>
<testsuite xmlns:xsi="http://www.w3.org/2001/XMLSchema-instance" xsi:noNamespaceSchemaLocation="https://maven.apache.org/surefire/maven-surefire-plugin/xsd/surefire-test-report.xsd" name="features.TestRunner" time="4.347" tests="1" errors="0" skipped="0" failures="1">
  <properties>
[...]
</properties>
  <testcase name="testParallel" classname="features.TestRunner" time="4.296">
    <failure message="status code was: 503, expected: 200, response time in milliseconds: 272, url: https://api.graphql.jobs/, response: &#10;&lt;!DOCTYPE html&gt;&#10;	&lt;html&gt;&#10;	  &lt;head&gt;&#10;		&lt;meta name=&quot;viewport&quot; content=&quot;width=device-width, initial-scale=1&quot;&gt;&#10;		&lt;meta charset=&quot;utf-8&quot;&gt;&#10;		&lt;title&gt;Application Error&lt;/title&gt;&#10;		&lt;style media=&quot;screen&quot;&gt;&#10;		  html,body,iframe {&#10;			margin: 0;&#10;			padding: 0;&#10;		  }&#10;		  html,body {&#10;			height: 100%;&#10;			overflow: hidden;&#10;		  }&#10;		  iframe {&#10;			width: 100%;&#10;			height: 100%;&#10;			border: 0;&#10;		  }&#10;		&lt;/style&gt;&#10;	  &lt;/head&gt;&#10;	  &lt;body&gt;&#10;		&lt;iframe src=&quot;//www.herokucdn.com/error-pages/application-error.html&quot;&gt;&lt;/iframe&gt;&#10;	  &lt;/body&gt;&#10;	&lt;/html&gt;&#10;classpath:features/Karate_Examples.feature:98" type="java.lang.AssertionError"><![CDATA[java.lang.AssertionError: 
status code was: 503, expected: 200, response time in milliseconds: 272, url: https://api.graphql.jobs/, response: 
<!DOCTYPE html>
	<html>
	  <head>
		<meta name="viewport" content="width=device-width, initial-scale=1">
		<meta charset="utf-8">
		<title>Application Error</title>
		<style media="screen">
		  html,body,iframe {
			margin: 0;
			padding: 0;
		  }
		  html,body {
			height: 100%;
			overflow: hidden;
		  }
		  iframe {
			width: 100%;
			height: 100%;
			border: 0;
		  }
		</style>
	  </head>
	  <body>
		<iframe src="//www.herokucdn.com/error-pages/application-error.html"></iframe>
	  </body>
	</html>
classpath:features/Karate_Examples.feature:98
	at features.TestRunner.testParallel(TestRunner.java:20)
]]></failure>
    <system-out><![CDATA[12:21:18.583 [main] INFO  com.intuit.karate.Runner - using system property 'karate.options': --tags @smoke
12:21:19.306 [main] DEBUG com.intuit.karate.Suite - [config] classpath:karate-config.js
12:21:20.263 [pool-1-thread-4] INFO  c.intuit.karate.core.FeatureRuntime - classpath:common/Karate_Common.feature - call by tag at line 13: registerUser
12:21:20.275 [pool-1-thread-3] INFO  com.intuit.karate - [print] getUserNo --- 15 
12:21:20.292 [pool-1-thread-3] INFO  com.intuit.karate - [print] JS getUserNo --- 7 
12:21:20.299 [pool-1-thread-3] INFO  c.intuit.karate.core.FeatureRuntime - classpath:common/Karate_Common.feature - call by tag at line 4: bulkReserve
12:21:20.660 [pool-1-thread-2] DEBUG com.intuit.karate - request:
1 > GET https://postcodes.io/outcodes/EC1M
1 > Host: postcodes.io
1 > Connection: Keep-Alive
1 > User-Agent: Apache-HttpClient/4.5.13 (Java/1.8.0_321)
1 > Accept-Encoding: gzip,deflate


12:21:20.661 [pool-1-thread-3] DEBUG com.intuit.karate - request:
1 > POST https://postcodes.io/postcodes
1 > Content-Type: application/json; charset=UTF-8
1 > Content-Length: 162
1 > Host: postcodes.io
1 > Connection: Keep-Alive
1 > User-Agent: Apache-HttpClient/4.5.13 (Java/1.8.0_321)
1 > Accept-Encoding: gzip,deflate
{"geolocations":[{"longitude":0.629834723775309,"latitude":51.7923246977375},{"longitude":-2.49690382054704,"latitude":53.5351312861402,"radius":1000,"limit":5}]}

12:21:20.661 [pool-1-thread-4] DEBUG com.intuit.karate - request:
1 > POST https://reqres.in/api/register
1 > Content-Type: application/x-www-form-urlencoded
1 > Content-Length: 42
1 > Host: reqres.in
1 > Connection: Keep-Alive
1 > User-Agent: Apache-HttpClient/4.5.13 (Java/1.8.0_321)
1 > Accept-Encoding: gzip,deflate
email=eve.holt%40reqres.in&password=pistol

12:21:20.661 [pool-1-thread-5] DEBUG com.intuit.karate - request:
1 > POST https://api.graphql.jobs/
1 > Content-Type: application/json; charset=UTF-8
1 > Content-Length: 51
1 > Host: api.graphql.jobs
1 > Connection: Keep-Alive
1 > User-Agent: Apache-HttpClient/4.5.13 (Java/1.8.0_321)
1 > Accept-Encoding: gzip,deflate
{"query":"query {\n  jobs{\n    id, title\n  }\n}"}

12:21:20.661 [pool-1-thread-1] DEBUG com.intuit.karate - request:
1 > POST https://postcodes.io/postcodes
1 > Content-Type: application/json; charset=UTF-8
1 > Content-Length: 47
1 > Host: postcodes.io
1 > Connection: Keep-Alive
1 > User-Agent: Apache-HttpClient/4.5.13 (Java/1.8.0_321)
1 > Accept-Encoding: gzip,deflate
{"postcodes":["OX49 5NU","M32 0JG","NE30 1DP"]}

12:21:20.903 [pool-1-thread-2] DEBUG com.intuit.karate - response time in milliseconds: 241
1 < 200
1 < Date: Mon, 05 Dec 2022 12:21:20 GMT
1 < Content-Type: application/json; charset=utf-8
1 < Transfer-Encoding: chunked
1 < Connection: keep-alive
1 < x-gnu: Michael J Blanchard
1 < access-control-allow-origin: *
1 < etag: W/"1b2-fWjnvEgKBiFAhq9r9J7qwzA1HDs"
1 < CF-Cache-Status: HIT
1 < Age: 58
1 < Report-To: {"endpoints":[{"url":"https:\/\/a.nel.cloudflare.com\/report\/v3?s=IVktAqMPJBaAPJMlrMfdJbcWEOaQ31w7UMlPA8IEhEHjERC7wUf6gRV8pu7%2Bpxjb87HzRNXWjJwRICO5s0zuMOvgHw8FwLgWETc%2BhRAAUj60S%2FEhRPhvQ%2FG6G%2Bmudg%3D%3D"}],"group":"cf-nel","max_age":604800}
1 < NEL: {"success_fraction":0,"report_to":"cf-nel","max_age":604800}
1 < Vary: Accept-Encoding
1 < Server: cloudflare
1 < CF-RAY: 774cbdb5d8f0731a-LHR
{"status":200,"result":{"outcode":"EC1M","longitude":-0.102288270718232,"latitude":51.5213030552487,"northings":181972,"eastings":531759,"admin_district":["Camden","Islington","City of London"],"parish":["Islington, unparished area","Camden, unparished area","City of London, unparished area"],"admin_county":[],"admin_ward":["Farringdon Within","Bunhill","Clerkenwell","Cripplegate","Holborn & Covent Garden"],"country":["England"]}}
12:21:20.932 [pool-1-thread-4] DEBUG com.intuit.karate - response time in milliseconds: 271
1 < 200
1 < Date: Mon, 05 Dec 2022 12:21:20 GMT
1 < Content-Type: application/json; charset=utf-8
1 < Content-Length: 36
1 < Connection: keep-alive
1 < X-Powered-By: Express
1 < Access-Control-Allow-Origin: *
1 < Etag: W/"24-4iP0za1geN2he+ohu8F0FhCjLks"
1 < Via: 1.1 vegur
1 < CF-Cache-Status: DYNAMIC
1 < Report-To: {"endpoints":[{"url":"https:\/\/a.nel.cloudflare.com\/report\/v3?s=AX9ojsSrpXhJuAC2qCb%2BKcW85pPqJFfDkd02AReTcThLxaqrvQNHIxcJ5BoGhbGzl0H%2B0Ijy%2FXSrdtlFKXIOWWLm029%2Fl7wHAPjUK81XJ3WVNPFBuu%2Fw30Gniw%3D%3D"}],"group":"cf-nel","max_age":604800}
1 < NEL: {"success_fraction":0,"report_to":"cf-nel","max_age":604800}
1 < Server: cloudflare
1 < CF-RAY: 774cbdb5d82d72f6-LHR
{"id":4,"token":"QpwL5tke4Pnpja7X4"}
12:21:20.932 [pool-1-thread-1] DEBUG com.intuit.karate - response time in milliseconds: 271
1 < 200
1 < Date: Mon, 05 Dec 2022 12:21:20 GMT
1 < Content-Type: application/json; charset=utf-8
1 < Transfer-Encoding: chunked
1 < Connection: keep-alive
1 < x-gnu: Michael J Blanchard
1 < access-control-allow-origin: *
1 < etag: W/"a6a-xWlZlsQw6RGHnc59nkO4NICqmnI"
1 < CF-Cache-Status: DYNAMIC
1 < Report-To: {"endpoints":[{"url":"https:\/\/a.nel.cloudflare.com\/report\/v3?s=Ym8z6Ts1VngfbqfFjAQ5yaxYUGd7YjZp2xuMTKfkdqQFTup7VOE46eQt%2B7blKN2qjNPvLlfJfzKLb1XfDaTfWguUB4zDtCAnZpYqsTSn%2FqhQTyevO9KSW4cI0wRkMg%3D%3D"}],"group":"cf-nel","max_age":604800}
1 < NEL: {"success_fraction":0,"report_to":"cf-nel","max_age":604800}
1 < Server: cloudflare
1 < CF-RAY: 774cbdb5df2f23f6-LHR
{"status":200,"result":[{"query":"OX49 5NU","result":{"postcode":"OX49 5NU","quality":1,"eastings":464438,"northings":195677,"country":"England","nhs_ha":"South Central","longitude":-1.069752,"latitude":51.655929,"european_electoral_region":"South East","primary_care_trust":"Oxfordshire","region":"South East","lsoa":"South Oxfordshire 011B","msoa":"South Oxfordshire 011","incode":"5NU","outcode":"OX49","parliamentary_constituency":"Henley","admin_district":"South Oxfordshire","parish":"Brightwell Baldwin","admin_county":"Oxfordshire","admin_ward":"Chalgrove","ced":"Chalgrove and Watlington","ccg":"NHS Oxfordshire","nuts":"Oxfordshire CC","codes":{"admin_district":"E07000179","admin_county":"E10000025","admin_ward":"E05009735","parish":"E04008109","parliamentary_constituency":"E14000742","ccg":"E38000136","ccg_id":"10Q","ced":"E58001732","nuts":"TLJ14","lsoa":"E01028601","msoa":"E02005968","lau2":"E07000179"}}},{"query":"M32 0JG","result":{"postcode":"M32 0JG","quality":1,"eastings":379988,"northings":395476,"country":"England","nhs_ha":"North West","longitude":-2.302836,"latitude":53.455654,"european_electoral_region":"North West","primary_care_trust":"Trafford","region":"North West","lsoa":"Trafford 003C","msoa":"Trafford 003","incode":"0JG","outcode":"M32","parliamentary_constituency":"Stretford and Urmston","admin_district":"Trafford","parish":"Trafford, unparished area","admin_county":null,"admin_ward":"Gorse Hill","ced":null,"ccg":"NHS Trafford","nuts":"Greater Manchester South West","codes":{"admin_district":"E08000009","admin_county":"E99999999","admin_ward":"E05000829","parish":"E43000163","parliamentary_constituency":"E14000979","ccg":"E38000187","ccg_id":"02A","ced":"E99999999","nuts":"TLD34","lsoa":"E01006187","msoa":"E02001261","lau2":"E08000009"}}},{"query":"NE30 1DP","result":{"postcode":"NE30 1DP","quality":1,"eastings":435958,"northings":568671,"country":"England","nhs_ha":"North East","longitude":-1.439269,"latitude":55.011303,"european_electoral_region":"North East","primary_care_trust":"North Tyneside","region":"North East","lsoa":"North Tyneside 016C","msoa":"North Tyneside 016","incode":"1DP","outcode":"NE30","parliamentary_constituency":"Tynemouth","admin_district":"North Tyneside","parish":"North Tyneside, unparished area","admin_county":null,"admin_ward":"Tynemouth","ced":null,"ccg":"NHS North Tyneside","nuts":"Tyneside","codes":{"admin_district":"E08000022","admin_county":"E99999999","admin_ward":"E05001130","parish":"E43000176","parliamentary_constituency":"E14001006","ccg":"E38000127","ccg_id":"99C","ced":"E99999999","nuts":"TLC22","lsoa":"E01008561","msoa":"E02001753","lau2":"E08000022"}}}]}
12:21:20.933 [pool-1-thread-5] DEBUG com.intuit.karate - response time in milliseconds: 272
1 < 503
1 < Date: Mon, 05 Dec 2022 12:21:20 GMT
1 < Content-Type: text/html; charset=utf-8
1 < Transfer-Encoding: chunked
1 < Connection: keep-alive
1 < Cache-Control: no-cache, no-store
1 < CF-Cache-Status: DYNAMIC
1 < Report-To: {"endpoints":[{"url":"https:\/\/a.nel.cloudflare.com\/report\/v3?s=ag55rZsFbtMGGlp9ykKW9bKB6OKuHk1Z1L442zeZWDJuxc08zzTF2EmtEbtPZzUMu1%2BmxwRmlZtVkYD51hdrbc%2Filb5o0edevESDcVBWcE2b7wrP0JYWkSukAezTH8%2BgXSm0"}],"group":"cf-nel","max_age":604800}
1 < NEL: {"success_fraction":0,"report_to":"cf-nel","max_age":604800}
1 < Server: cloudflare
1 < CF-RAY: 774cbdb5d8198895-LHR
1 < alt-svc: h3=":443"; ma=86400, h3-29=":443"; ma=86400
<!DOCTYPE html>
	<html>
	  <head>
		<meta name="viewport" content="width=device-width, initial-scale=1">
		<meta charset="utf-8">
		<title>Application Error</title>
		<style media="screen">
		  html,body,iframe {
			margin: 0;
			padding: 0;
		  }
		  html,body {
			height: 100%;
			overflow: hidden;
		  }
		  iframe {
			width: 100%;
			height: 100%;
			border: 0;
		  }
		</style>
	  </head>
	  <body>
		<iframe src="//www.herokucdn.com/error-pages/application-error.html"></iframe>
	  </body>
	</html>
12:21:20.940 [pool-1-thread-5] ERROR com.intuit.karate - classpath:features/Karate_Examples.feature:98
Then status 200
status code was: 503, expected: 200, response time in milliseconds: 272, url: https://api.graphql.jobs/, response: 
<!DOCTYPE html>
	<html>
	  <head>
		<meta name="viewport" content="width=device-width, initial-scale=1">
		<meta charset="utf-8">
		<title>Application Error</title>
		<style media="screen">
		  html,body,iframe {
			margin: 0;
			padding: 0;
		  }
		  html,body {
			height: 100%;
			overflow: hidden;
		  }
		  iframe {
			width: 100%;
			height: 100%;
			border: 0;
		  }
		</style>
	  </head>
	  <body>
		<iframe src="//www.herokucdn.com/error-pages/application-error.html"></iframe>
	  </body>
	</html>
classpath:features/Karate_Examples.feature:98
12:21:20.944 [pool-1-thread-3] DEBUG com.intuit.karate - response time in milliseconds: 283
1 < 200
1 < Date: Mon, 05 Dec 2022 12:21:20 GMT
1 < Content-Type: application/json; charset=utf-8
1 < Transfer-Encoding: chunked
1 < Connection: keep-alive
1 < x-gnu: Michael J Blanchard
1 < access-control-allow-origin: *
1 < etag: W/"1ed1-M+oOS1taGXWrznDJJUSrKk1Gm5A"
1 < CF-Cache-Status: DYNAMIC
1 < Report-To: {"endpoints":[{"url":"https:\/\/a.nel.cloudflare.com\/report\/v3?s=i6ovCw4hg9kgzabrqkYR0cE%2FbtK3oHe%2FfJpa65lcyp%2FvCov4nwCPJ8JgQuO61Qerwvck2pJZ8dchDJRSXhwpK%2FO3VF%2BeFYKh6N9MJMtoidX37oOAgidsB5HMZXudvQ%3D%3D"}],"group":"cf-nel","max_age":604800}
1 < NEL: {"success_fraction":0,"report_to":"cf-nel","max_age":604800}
1 < Server: cloudflare
1 < CF-RAY: 774cbdb5da547779-LHR
{"status":200,"result":[{"query":{"longitude":0.629834723775309,"latitude":51.7923246977375},"result":[{"postcode":"CM8 1EF","quality":1,"eastings":581459,"northings":213679,"country":"England","nhs_ha":"East of England","longitude":0.629806,"latitude":51.792326,"european_electoral_region":"Eastern","primary_care_trust":"Mid Essex","region":"East of England","lsoa":"Braintree 017F","msoa":"Braintree 017","incode":"1EF","outcode":"CM8","parliamentary_constituency":"Witham","admin_district":"Braintree","parish":"Witham","admin_county":"Essex","admin_ward":"Witham South","ced":"Witham Southern","ccg":"NHS Mid Essex","nuts":"Essex Haven Gateway","codes":{"admin_district":"E07000067","admin_county":"E10000012","admin_ward":"E05010388","parish":"E04012935","parliamentary_constituency":"E14001045","ccg":"E38000106","ccg_id":"06Q","ced":"E58000470","nuts":"TLH34","lsoa":"E01033460","msoa":"E02004462","lau2":"E07000067"},"distance":1.98709706},{"postcode":"CM8 1EU","quality":1,"eastings":581508,"northings":213652,"country":"England","nhs_ha":"East of England","longitude":0.630501,"latitude":51.792068,"european_electoral_region":"Eastern","primary_care_trust":"Mid Essex","region":"East of England","lsoa":"Braintree 017F","msoa":"Braintree 017","incode":"1EU","outcode":"CM8","parliamentary_constituency":"Witham","admin_district":"Braintree","parish":"Witham","admin_county":"Essex","admin_ward":"Witham South","ced":"Witham Southern","ccg":"NHS Mid Essex","nuts":"Essex Haven Gateway","codes":{"admin_district":"E07000067","admin_county":"E10000012","admin_ward":"E05010388","parish":"E04012935","parliamentary_constituency":"E14001045","ccg":"E38000106","ccg_id":"06Q","ced":"E58000470","nuts":"TLH34","lsoa":"E01033460","msoa":"E02004462","lau2":"E07000067"},"distance":54.12009472},{"postcode":"CM8 1PH","quality":1,"eastings":581421,"northings":213740,"country":"England","nhs_ha":"East of England","longitude":0.629287,"latitude":51.792887,"european_electoral_region":"Eastern","primary_care_trust":"Mid Essex","region":"East of England","lsoa":"Braintree 017H","msoa":"Braintree 017","incode":"1PH","outcode":"CM8","parliamentary_constituency":"Witham","admin_district":"Braintree","parish":"Witham","admin_county":"Essex","admin_ward":"Witham Central","ced":"Witham Southern","ccg":"NHS Mid Essex","nuts":"Essex Haven Gateway","codes":{"admin_district":"E07000067","admin_county":"E10000012","admin_ward":"E05012966","parish":"E04012935","parliamentary_constituency":"E14001045","ccg":"E38000106","ccg_id":"06Q","ced":"E58000470","nuts":"TLH34","lsoa":"E01033462","msoa":"E02004462","lau2":"E07000067"},"distance":73.09110168},{"postcode":"CM8 1PQ","quality":1,"eastings":581399,"northings":213755,"country":"England","nhs_ha":"East of England","longitude":0.628977,"latitude":51.793028,"european_electoral_region":"Eastern","primary_care_trust":"Mid Essex","region":"East of England","lsoa":"Braintree 017H","msoa":"Braintree 017","incode":"1PQ","outcode":"CM8","parliamentary_constituency":"Witham","admin_district":"Braintree","parish":"Witham","admin_county":"Essex","admin_ward":"Witham Central","ced":"Witham Southern","ccg":"NHS Mid Essex","nuts":"Essex Haven Gateway","codes":{"admin_district":"E07000067","admin_county":"E10000012","admin_ward":"E05012966","parish":"E04012935","parliamentary_constituency":"E14001045","ccg":"E38000106","ccg_id":"06Q","ced":"E58000470","nuts":"TLH34","lsoa":"E01033462","msoa":"E02004462","lau2":"E07000067"},"distance":98.10933201}]},{"query":{"longitude":-2.49690382054704,"latitude":53.5351312861402,"radius":1000,"limit":5},"result":[{"postcode":"M46 9WU","quality":1,"eastings":367163,"northings":404390,"country":"England","nhs_ha":"North West","longitude":-2.496903,"latitude":53.535127,"european_electoral_region":"North West","primary_care_trust":"Ashton, Leigh and Wigan","region":"North West","lsoa":"Wigan 017C","msoa":"Wigan 017","incode":"9WU","outcode":"M46","parliamentary_constituency":"Bolton West","admin_district":"Wigan","parish":"Wigan, unparished area","admin_county":null,"admin_ward":"Atherton","ced":null,"ccg":"NHS Wigan Borough","nuts":"Greater Manchester North West","codes":{"admin_district":"E08000010","admin_county":"E99999999","admin_ward":"E05000845","parish":"E43000164","parliamentary_constituency":"E14000580","ccg":"E38000205","ccg_id":"02H","ced":"E99999999","nuts":"TLD36","lsoa":"E01006241","msoa":"E02001303","lau2":"E08000010"},"distance":0.4801241},{"postcode":"M46 9XF","quality":1,"eastings":367155,"northings":404364,"country":"England","nhs_ha":"North West","longitude":-2.497021,"latitude":53.534893,"european_electoral_region":"North West","primary_care_trust":"Ashton, Leigh and Wigan","region":"North West","lsoa":"Wigan 017B","msoa":"Wigan 017","incode":"9XF","outcode":"M46","parliamentary_constituency":"Bolton West","admin_district":"Wigan","parish":"Wigan, unparished area","admin_county":null,"admin_ward":"Atherton","ced":null,"ccg":"NHS Wigan Borough","nuts":"Greater Manchester North West","codes":{"admin_district":"E08000010","admin_county":"E99999999","admin_ward":"E05000845","parish":"E43000164","parliamentary_constituency":"E14000580","ccg":"E38000205","ccg_id":"02H","ced":"E99999999","nuts":"TLD36","lsoa":"E01006240","msoa":"E02001303","lau2":"E08000010"},"distance":27.6350374},{"postcode":"M46 9XE","quality":1,"eastings":367212,"northings":404330,"country":"England","nhs_ha":"North West","longitude":-2.496158,"latitude":53.534608,"european_electoral_region":"North West","primary_care_trust":"Ashton, Leigh and Wigan","region":"North West","lsoa":"Wigan 017C","msoa":"Wigan 017","incode":"9XE","outcode":"M46","parliamentary_constituency":"Bolton West","admin_district":"Wigan","parish":"Wigan, unparished area","admin_county":null,"admin_ward":"Atherton","ced":null,"ccg":"NHS Wigan Borough","nuts":"Greater Manchester North West","codes":{"admin_district":"E08000010","admin_county":"E99999999","admin_ward":"E05000845","parish":"E43000164","parliamentary_constituency":"E14000580","ccg":"E38000205","ccg_id":"02H","ced":"E99999999","nuts":"TLD36","lsoa":"E01006241","msoa":"E02001303","lau2":"E08000010"},"distance":76.40229254},{"postcode":"M46 9NX","quality":1,"eastings":367245,"northings":404384,"country":"England","nhs_ha":"North West","longitude":-2.495666,"latitude":53.535078,"european_electoral_region":"North West","primary_care_trust":"Ashton, Leigh and Wigan","region":"North West","lsoa":"Wigan 017C","msoa":"Wigan 017","incode":"9NX","outcode":"M46","parliamentary_constituency":"Bolton West","admin_district":"Wigan","parish":"Wigan, unparished area","admin_county":null,"admin_ward":"Atherton","ced":null,"ccg":"NHS Wigan Borough","nuts":"Greater Manchester North West","codes":{"admin_district":"E08000010","admin_county":"E99999999","admin_ward":"E05000845","parish":"E43000164","parliamentary_constituency":"E14000580","ccg":"E38000205","ccg_id":"02H","ced":"E99999999","nuts":"TLD36","lsoa":"E01006241","msoa":"E02001303","lau2":"E08000010"},"distance":82.28672453},{"postcode":"M46 9NU","quality":1,"eastings":367171,"northings":404476,"country":"England","nhs_ha":"North West","longitude":-2.496792,"latitude":53.535901,"european_electoral_region":"North West","primary_care_trust":"Ashton, Leigh and Wigan","region":"North West","lsoa":"Wigan 017C","msoa":"Wigan 017","incode":"9NU","outcode":"M46","parliamentary_constituency":"Bolton West","admin_district":"Wigan","parish":"Wigan, unparished area","admin_county":null,"admin_ward":"Atherton","ced":null,"ccg":"NHS Wigan Borough","nuts":"Greater Manchester North West","codes":{"admin_district":"E08000010","admin_county":"E99999999","admin_ward":"E05000845","parish":"E43000164","parliamentary_constituency":"E14000580","ccg":"E38000205","ccg_id":"02H","ced":"E99999999","nuts":"TLD36","lsoa":"E01006241","msoa":"E02001303","lau2":"E08000010"},"distance":85.98655766}]}]}
12:21:20.945 [pool-1-thread-4] INFO  com.intuit.karate - [print] actResponse ::  {
  "endPoint": "/register",
  "baseUrl": "https://reqres.in",
  "responseHeaders": {
    "Date": [
      "Mon, 05 Dec 2022 12:21:20 GMT"
    ],
    "Content-Type": [
      "application/json; charset=utf-8"
    ],
    "Content-Length": [
      "36"
    ],
    "Connection": [
      "keep-alive"
    ],
    "X-Powered-By": [
      "Express"
    ],
    "Access-Control-Allow-Origin": [
      "*"
    ],
    "Etag": [
      "W/\"24-4iP0za1geN2he+ohu8F0FhCjLks\""
    ],
    "Via": [
      "1.1 vegur"
    ],
    "CF-Cache-Status": [
      "DYNAMIC"
    ],
    "Report-To": [
      "{\"endpoints\":[{\"url\":\"https:\\/\\/a.nel.cloudflare.com\\/report\\/v3?s=AX9ojsSrpXhJuAC2qCb%2BKcW85pPqJFfDkd02AReTcThLxaqrvQNHIxcJ5BoGhbGzl0H%2B0Ijy%2FXSrdtlFKXIOWWLm029%2Fl7wHAPjUK81XJ3WVNPFBuu%2Fw30Gniw%3D%3D\"}],\"group\":\"cf-nel\",\"max_age\":604800}"
    ],
    "NEL": [
      "{\"success_fraction\":0,\"report_to\":\"cf-nel\",\"max_age\":604800}"
    ],
    "Server": [
      "cloudflare"
    ],
    "CF-RAY": [
      "774cbdb5d82d72f6-LHR"
    ]
  },
  "response": {
    "id": 4,
    "token": "QpwL5tke4Pnpja7X4"
  },
  "contextPath": "/api",
  "params": {
    "email": "eve.holt@reqres.in",
    "password": "pistol"
  },
  "responseStatus": 200
}
 
---------------------------------------------------------
feature: classpath:features/Karate_Examples.feature
scenarios:  5 | passed:  4 | failed:  1 | time: 3.6576
---------------------------------------------------------

12:21:21.861 [pool-2-thread-1] INFO  com.intuit.karate.Suite - <<fail>> feature 1 of 1 (0 remaining) classpath:features/Karate_Examples.feature
Karate version: 1.1.0
======================================================
elapsed:   3.29 | threads:   10 | thread time: 3.66 
features:     1 | skipped:    0 | efficiency: 0.11
scenarios:    5 | passed:     4 | failed: 1
======================================================
>>> failed features:
status code was: 503, expected: 200, response time in milliseconds: 272, url: https://api.graphql.jobs/, response: 
<!DOCTYPE html>
	<html>
	  <head>
		<meta name="viewport" content="width=device-width, initial-scale=1">
		<meta charset="utf-8">
		<title>Application Error</title>
		<style media="screen">
		  html,body,iframe {
			margin: 0;
			padding: 0;
		  }
		  html,body {
			height: 100%;
			overflow: hidden;
		  }
		  iframe {
			width: 100%;
			height: 100%;
			border: 0;
		  }
		</style>
	  </head>
	  <body>
		<iframe src="//www.herokucdn.com/error-pages/application-error.html"></iframe>
	  </body>
	</html>
classpath:features/Karate_Examples.feature:98
<<<

HTML report: (paste into browser to view) | Karate version: 1.1.0
file:///Users/prakumar11/Desktop/Dev/PS%20innersource/testx-api-karate/target/karate-reports/karate-summary.html
===================================================================

]]></system-out>
    <system-err><![CDATA[Dec 05, 2022 12:21:22 PM net.masterthought.cucumber.ReportParser parseJsonFiles
INFO: File '/Users/prakumar11/Desktop/Dev/PS innersource/testx-api-karate/target/karate-reports/features.Karate_Examples.json' contains 1 features
]]></system-err>
  </testcase>
</testsuite>